Fri 27 Aug 2021 09:28:29 INFO  Namespace(batch_size=1024, behavior_count=4, data_path='./data/', decay=0, device=device(type='cpu'), embedding_size=32, epochs=200, evaluate_batch_size=512, if_load_model=False, lambda_=0.7, layers=3, lr=0.001, metrics=['recall', 'ndcg'], min_epoch=5, model_name='CNN4Rec', model_path='./check_point/', reg_weight=0.0001, topk=20)
Fri 27 Aug 2021 09:28:29 INFO  CNNNet(
  (user_embedding): Embedding(52643, 32)
  (item_embedding): Embedding(91599, 32)
  (BPRLoss): BPRLoss()
  (L2Loss): L2Loss()
  (features): Sequential(
    (0): Conv2d(1, 32, kernel_size=(2, 3), stride=(1, 1))
    (1): ReLU(inplace=True)
    (2): MaxPool2d(kernel_size=(1, 3), stride=2, padding=0, dilation=1, ceil_mode=False)
  )
  (scores): Sequential(
    (0): Dropout(p=0.5, inplace=False)
    (1): Linear(in_features=448, out_features=128, bias=True)
    (2): ReLU(inplace=True)
    (3): Dropout(p=0.5, inplace=False)
    (4): Linear(in_features=128, out_features=64, bias=True)
    (5): ReLU(inplace=True)
    (6): Linear(in_features=64, out_features=1, bias=True)
  )
)
